2026-06-27 10:50:16 [INFO] market_data: === 回补 A: 20240101 ~ 20240131 ===
2026-06-27 10:50:18 [INFO] market_data: === 初始化市场: ETF ===
2026-06-27 10:50:18 [INFO] market_data: 获取 ETF 股票列表...
2026-06-27 10:50:53 [INFO] market_data: === 回补 A: 20240101 ~ 20240131 ===
2026-06-27 10:50:54 [INFO] market_data: === 初始化市场: ETF ===
2026-06-27 10:50:54 [INFO] market_data: 获取 ETF 股票列表...
2026-06-27 11:12:09 [INFO] market_data: === 初始化市场: US ===
2026-06-27 11:12:09 [INFO] market_data: 获取 US 股票列表...
2026-06-27 11:12:09 [INFO] market_data: 获取到 70 只
2026-06-27 11:13:54 [INFO] market_data: 完成: US — 成功 70/70，失败 0
2026-06-27 11:13:55 [INFO] market_data: === 初始化市场: ETF ===
2026-06-27 11:13:55 [INFO] market_data: 获取 ETF 股票列表...
2026-06-27 11:15:48 [INFO] market_data: === 初始化市场: ETF ===
2026-06-27 11:15:48 [INFO] market_data: 获取 ETF 股票列表...
2026-06-27 11:16:09 [INFO] market_data: 获取到 1522 只
2026-06-27 11:16:10 [WARNING] market_data: 重试 1/3 for 512650. 等待 5s...
2026-06-27 11:16:15 [WARNING] market_data: 重试 2/3 for 512650. 等待 10s...
2026-06-27 11:16:25 [ERROR] market_data: 失败 512650: Constraint Error: NOT NULL constraint failed: etf_daily.ts_code
2026-06-27 11:16:25 [WARNING] market_data: 重试 1/3 for 560780. 等待 5s...
2026-06-27 11:16:30 [WARNING] market_data: 重试 2/3 for 560780. 等待 10s...
2026-06-27 11:16:41 [ERROR] market_data: 失败 560780: Constraint Error: NOT NULL constraint failed: etf_daily.ts_code
2026-06-27 11:16:41 [WARNING] market_data: 重试 1/3 for 589020. 等待 5s...
2026-06-27 11:16:46 [WARNING] market_data: 重试 2/3 for 589020. 等待 10s...
2026-06-27 11:16:56 [ERROR] market_data: 失败 589020: Constraint Error: NOT NULL constraint failed: etf_daily.ts_code
2026-06-27 11:16:57 [WARNING] market_data: 重试 1/3 for 562590. 等待 5s...
2026-06-27 11:17:02 [WARNING] market_data: 重试 2/3 for 562590. 等待 10s...
2026-06-27 11:17:12 [ERROR] market_data: 失败 562590: Constraint Error: NOT NULL constraint failed: etf_daily.ts_code
2026-06-27 11:17:12 [WARNING] market_data: 重试 1/3 for 159516. 等待 5s...
2026-06-27 11:17:18 [WARNING] market_data: 重试 2/3 for 159516. 等待 10s...
2026-06-27 11:17:28 [ERROR] market_data: 失败 159516: Constraint Error: NOT NULL constraint failed: etf_daily.ts_code
2026-06-27 11:17:28 [WARNING] market_data: 重试 1/3 for 159558. 等待 5s...
2026-06-27 11:17:33 [WARNING] market_data: 重试 2/3 for 159558. 等待 10s...
2026-06-27 11:17:44 [ERROR] market_data: 失败 159558: Constraint Error: NOT NULL constraint failed: etf_daily.ts_code
2026-06-27 11:17:44 [WARNING] market_data: 重试 1/3 for 159327. 等待 5s...
2026-06-27 11:17:49 [WARNING] market_data: 重试 2/3 for 159327. 等待 10s...
2026-06-27 11:17:59 [ERROR] market_data: 失败 159327: Constraint Error: NOT NULL constraint failed: etf_daily.ts_code
2026-06-27 11:17:59 [WARNING] market_data: 重试 1/3 for 588170. 等待 5s...
2026-06-27 11:18:05 [WARNING] market_data: 重试 2/3 for 588170. 等待 10s...
2026-06-27 11:18:22 [INFO] market_data: === 初始化市场: US ===
2026-06-27 11:18:22 [INFO] market_data: 获取 US 股票列表...
2026-06-27 11:18:22 [INFO] market_data: 获取到 70 只
2026-06-27 11:19:47 [INFO] market_data: === 初始化市场: US ===
2026-06-27 11:19:47 [INFO] market_data: 获取 US 股票列表...
2026-06-27 11:19:47 [INFO] market_data: 获取到 70 只
2026-06-27 11:20:48 [INFO] market_data: 完成: US — 成功 70/70，失败 0
2026-06-27 11:22:21 [INFO] market_data: === 初始化市场: US ===
2026-06-27 11:22:21 [INFO] market_data: 获取 US 股票列表...
2026-06-27 11:22:21 [INFO] market_data: 获取到 70 只
2026-06-27 11:23:02 [INFO] market_data: === 初始化市场: US ===
2026-06-27 11:23:02 [INFO] market_data: 获取 US 股票列表...
2026-06-27 11:23:02 [INFO] market_data: 获取到 70 只
2026-06-27 12:31:07 [INFO] market_data: === 初始化市场: US ===
2026-06-27 12:31:07 [INFO] market_data: 获取 US 股票列表...
2026-06-27 12:31:07 [INFO] market_data: 获取到 70 只
2026-06-27 12:32:23 [INFO] market_data: 完成: US — 成功 70/70，失败 0
2026-06-27 12:35:41 [INFO] market_data: === 初始化市场: ETF ===
2026-06-27 12:35:41 [INFO] market_data: 获取 ETF 股票列表...
2026-06-27 12:36:03 [INFO] market_data: 获取到 1522 只
2026-06-27 13:07:44 [INFO] market_data: 完成: ETF — 成功 1522/1522，失败 0
2026-06-27 13:07:44 [INFO] market_data: === 初始化市场: US ===
2026-06-27 13:07:44 [INFO] market_data: 获取 US 股票列表...
2026-06-27 13:07:44 [INFO] market_data: 获取到 70 只
2026-06-27 13:07:46 [WARNING] market_data: 重试 1/3 for AAPL. 等待 5s...
2026-06-27 13:07:52 [WARNING] market_data: 重试 2/3 for AAPL. 等待 10s...
2026-06-27 13:08:03 [ERROR] market_data: 失败 AAPL: Too Many Requests. Rate limited. Try after a while.
2026-06-27 13:08:04 [WARNING] market_data: 重试 1/3 for MSFT. 等待 5s...
2026-06-27 13:08:10 [WARNING] market_data: 重试 2/3 for MSFT. 等待 10s...
2026-06-27 13:08:22 [ERROR] market_data: 失败 MSFT: Too Many Requests. Rate limited. Try after a while.
2026-06-27 13:08:23 [WARNING] market_data: 重试 1/3 for GOOGL. 等待 5s...
2026-06-27 13:08:30 [WARNING] market_data: 重试 2/3 for GOOGL. 等待 10s...
2026-06-27 13:08:41 [ERROR] market_data: 失败 GOOGL: Too Many Requests. Rate limited. Try after a while.
2026-06-27 13:08:41 [WARNING] market_data: 重试 1/3 for AMZN. 等待 5s...
2026-06-27 13:08:47 [WARNING] market_data: 重试 2/3 for AMZN. 等待 10s...
2026-06-27 13:08:58 [ERROR] market_data: 失败 AMZN: Too Many Requests. Rate limited. Try after a while.
2026-06-27 13:08:59 [WARNING] market_data: 重试 1/3 for NVDA. 等待 5s...
2026-06-27 13:09:05 [WARNING] market_data: 重试 2/3 for NVDA. 等待 10s...
2026-06-27 13:09:20 [ERROR] market_data: 失败 NVDA: Too Many Requests. Rate limited. Try after a while.
2026-06-27 13:09:23 [WARNING] market_data: 重试 1/3 for META. 等待 5s...
2026-06-27 13:09:30 [WARNING] market_data: 重试 2/3 for META. 等待 10s...
2026-06-27 13:09:41 [ERROR] market_data: 失败 META: Too Many Requests. Rate limited. Try after a while.
2026-06-27 13:09:42 [WARNING] market_data: 重试 1/3 for TSLA. 等待 5s...
2026-06-27 13:09:48 [WARNING] market_data: 重试 2/3 for TSLA. 等待 10s...
2026-06-27 13:10:00 [ERROR] market_data: 失败 TSLA: Too Many Requests. Rate limited. Try after a while.
2026-06-27 13:10:01 [WARNING] market_data: 重试 1/3 for BRK-B. 等待 5s...
2026-06-27 13:10:07 [WARNING] market_data: 重试 2/3 for BRK-B. 等待 10s...
2026-06-27 13:10:18 [ERROR] market_data: 失败 BRK-B: Too Many Requests. Rate limited. Try after a while.
2026-06-27 13:10:19 [WARNING] market_data: 重试 1/3 for JPM. 等待 5s...
2026-06-27 13:10:25 [WARNING] market_data: 重试 2/3 for JPM. 等待 10s...
2026-06-27 13:10:36 [ERROR] market_data: 失败 JPM: Too Many Requests. Rate limited. Try after a while.
2026-06-27 13:10:37 [WARNING] market_data: 重试 1/3 for V. 等待 5s...
2026-06-27 13:10:43 [WARNING] market_data: 重试 2/3 for V. 等待 10s...
2026-06-27 13:10:54 [ERROR] market_data: 失败 V: Too Many Requests. Rate limited. Try after a while.
2026-06-27 13:10:56 [WARNING] market_data: 重试 1/3 for JNJ. 等待 5s...
2026-06-27 13:11:02 [WARNING] market_data: 重试 2/3 for JNJ. 等待 10s...
2026-06-27 13:11:16 [ERROR] market_data: 失败 JNJ: Too Many Requests. Rate limited. Try after a while.
2026-06-27 13:11:18 [WARNING] market_data: 重试 1/3 for WMT. 等待 5s...
2026-06-27 13:11:26 [WARNING] market_data: 重试 2/3 for WMT. 等待 10s...
2026-06-27 13:11:38 [ERROR] market_data: 失败 WMT: Too Many Requests. Rate limited. Try after a while.
2026-06-27 13:11:41 [WARNING] market_data: 重试 1/3 for PG. 等待 5s...
2026-06-27 13:11:48 [WARNING] market_data: 重试 2/3 for PG. 等待 10s...
2026-06-27 13:12:00 [ERROR] market_data: 失败 PG: Too Many Requests. Rate limited. Try after a while.
2026-06-27 13:12:01 [WARNING] market_data: 重试 1/3 for MA. 等待 5s...
2026-06-27 13:12:08 [WARNING] market_data: 重试 2/3 for MA. 等待 10s...
2026-06-27 13:12:19 [ERROR] market_data: 失败 MA: Too Many Requests. Rate limited. Try after a while.
2026-06-27 13:12:20 [WARNING] market_data: 重试 1/3 for UNH. 等待 5s...
2026-06-27 13:12:26 [WARNING] market_data: 重试 2/3 for UNH. 等待 10s...
2026-06-27 13:12:37 [ERROR] market_data: 失败 UNH: Too Many Requests. Rate limited. Try after a while.
2026-06-27 13:12:38 [WARNING] market_data: 重试 1/3 for HD. 等待 5s...
2026-06-27 13:12:44 [WARNING] market_data: 重试 2/3 for HD. 等待 10s...
2026-06-27 13:12:55 [ERROR] market_data: 失败 HD: Too Many Requests. Rate limited. Try after a while.
2026-06-27 13:12:57 [WARNING] market_data: 重试 1/3 for BAC. 等待 5s...
2026-06-27 13:13:03 [WARNING] market_data: 重试 2/3 for BAC. 等待 10s...
2026-06-27 13:13:14 [ERROR] market_data: 失败 BAC: Too Many Requests. Rate limited. Try after a while.
2026-06-27 13:13:16 [WARNING] market_data: 重试 1/3 for DIS. 等待 5s...
2026-06-27 13:13:23 [WARNING] market_data: 重试 2/3 for DIS. 等待 10s...
2026-06-27 13:13:34 [ERROR] market_data: 失败 DIS: Too Many Requests. Rate limited. Try after a while.
2026-06-27 13:13:36 [WARNING] market_data: 重试 1/3 for NFLX. 等待 5s...
2026-06-27 13:13:42 [WARNING] market_data: 重试 2/3 for NFLX. 等待 10s...
2026-06-27 13:13:54 [ERROR] market_data: 失败 NFLX: Too Many Requests. Rate limited. Try after a while.
2026-06-27 13:13:55 [WARNING] market_data: 重试 1/3 for ADBE. 等待 5s...
2026-06-27 13:14:02 [WARNING] market_data: 重试 2/3 for ADBE. 等待 10s...
2026-06-27 13:14:13 [ERROR] market_data: 失败 ADBE: Too Many Requests. Rate limited. Try after a while.
2026-06-27 13:14:15 [WARNING] market_data: 重试 1/3 for CRM. 等待 5s...
2026-06-27 13:14:21 [WARNING] market_data: 重试 2/3 for CRM. 等待 10s...
2026-06-27 13:14:33 [ERROR] market_data: 失败 CRM: Too Many Requests. Rate limited. Try after a while.
2026-06-27 13:14:34 [WARNING] market_data: 重试 1/3 for AMD. 等待 5s...
2026-06-27 13:14:41 [WARNING] market_data: 重试 2/3 for AMD. 等待 10s...
2026-06-27 13:14:53 [ERROR] market_data: 失败 AMD: Too Many Requests. Rate limited. Try after a while.
2026-06-27 13:14:54 [WARNING] market_data: 重试 1/3 for INTC. 等待 5s...
2026-06-27 13:15:00 [WARNING] market_data: 重试 2/3 for INTC. 等待 10s...
2026-06-27 13:15:12 [ERROR] market_data: 失败 INTC: Too Many Requests. Rate limited. Try after a while.
2026-06-27 13:15:14 [WARNING] market_data: 重试 1/3 for QCOM. 等待 5s...
2026-06-27 13:15:20 [WARNING] market_data: 重试 2/3 for QCOM. 等待 10s...
2026-06-27 13:15:32 [ERROR] market_data: 失败 QCOM: Too Many Requests. Rate limited. Try after a while.
2026-06-27 13:15:33 [WARNING] market_data: 重试 1/3 for TXN. 等待 5s...
2026-06-27 13:15:39 [WARNING] market_data: 重试 2/3 for TXN. 等待 10s...
2026-06-27 13:15:51 [ERROR] market_data: 失败 TXN: Too Many Requests. Rate limited. Try after a while.
2026-06-27 13:15:53 [WARNING] market_data: 重试 1/3 for PYPL. 等待 5s...
2026-06-27 13:16:01 [WARNING] market_data: 重试 2/3 for PYPL. 等待 10s...
2026-06-27 13:17:30 [WARNING] market_data: 重试 1/3 for VZ. 等待 5s...
2026-06-27 13:17:36 [WARNING] market_data: 重试 2/3 for VZ. 等待 10s...
2026-06-27 13:17:48 [ERROR] market_data: 失败 VZ: Too Many Requests. Rate limited. Try after a while.
2026-06-27 13:17:49 [WARNING] market_data: 重试 1/3 for T. 等待 5s...
2026-06-27 13:17:55 [WARNING] market_data: 重试 2/3 for T. 等待 10s...
2026-06-27 13:18:06 [ERROR] market_data: 失败 T: Too Many Requests. Rate limited. Try after a while.
2026-06-27 13:18:07 [WARNING] market_data: 重试 1/3 for PFE. 等待 5s...
2026-06-27 13:18:13 [WARNING] market_data: 重试 2/3 for PFE. 等待 10s...
2026-06-27 13:18:25 [ERROR] market_data: 失败 PFE: Too Many Requests. Rate limited. Try after a while.
2026-06-27 13:18:25 [WARNING] market_data: 重试 1/3 for MRK. 等待 5s...
2026-06-27 13:18:32 [WARNING] market_data: 重试 2/3 for MRK. 等待 10s...
2026-06-27 13:18:43 [ERROR] market_data: 失败 MRK: Too Many Requests. Rate limited. Try after a while.
2026-06-27 13:18:44 [WARNING] market_data: 重试 1/3 for ABBV. 等待 5s...
2026-06-27 13:18:50 [WARNING] market_data: 重试 2/3 for ABBV. 等待 10s...
2026-06-27 13:19:01 [ERROR] market_data: 失败 ABBV: Too Many Requests. Rate limited. Try after a while.
2026-06-27 13:19:02 [WARNING] market_data: 重试 1/3 for KO. 等待 5s...
2026-06-27 13:19:08 [WARNING] market_data: 重试 2/3 for KO. 等待 10s...
2026-06-27 13:19:19 [ERROR] market_data: 失败 KO: Too Many Requests. Rate limited. Try after a while.
2026-06-27 13:19:21 [WARNING] market_data: 重试 1/3 for PEP. 等待 5s...
2026-06-27 13:19:27 [WARNING] market_data: 重试 2/3 for PEP. 等待 10s...
2026-06-27 13:19:38 [ERROR] market_data: 失败 PEP: Too Many Requests. Rate limited. Try after a while.
2026-06-27 13:19:40 [WARNING] market_data: 重试 1/3 for COST. 等待 5s...
2026-06-27 13:19:46 [WARNING] market_data: 重试 2/3 for COST. 等待 10s...
2026-06-27 13:19:57 [ERROR] market_data: 失败 COST: Too Many Requests. Rate limited. Try after a while.
2026-06-27 13:19:58 [WARNING] market_data: 重试 1/3 for AVGO. 等待 5s...
2026-06-27 13:20:04 [WARNING] market_data: 重试 2/3 for AVGO. 等待 10s...
2026-06-27 13:20:15 [ERROR] market_data: 失败 AVGO: Too Many Requests. Rate limited. Try after a while.
2026-06-27 13:20:17 [WARNING] market_data: 重试 1/3 for CSCO. 等待 5s...
2026-06-27 13:20:24 [WARNING] market_data: 重试 2/3 for CSCO. 等待 10s...
2026-06-27 13:20:36 [ERROR] market_data: 失败 CSCO: Too Many Requests. Rate limited. Try after a while.
2026-06-27 13:20:38 [WARNING] market_data: 重试 1/3 for ACN. 等待 5s...
2026-06-27 13:20:44 [WARNING] market_data: 重试 2/3 for ACN. 等待 10s...
2026-06-27 13:20:55 [ERROR] market_data: 失败 ACN: Too Many Requests. Rate limited. Try after a while.
2026-06-27 13:20:57 [WARNING] market_data: 重试 1/3 for ABT. 等待 5s...
2026-06-27 13:21:03 [WARNING] market_data: 重试 2/3 for ABT. 等待 10s...
2026-06-27 13:21:14 [ERROR] market_data: 失败 ABT: Too Many Requests. Rate limited. Try after a while.
2026-06-27 13:21:16 [WARNING] market_data: 重试 1/3 for DHR. 等待 5s...
2026-06-27 13:21:22 [WARNING] market_data: 重试 2/3 for DHR. 等待 10s...
2026-06-27 13:21:34 [ERROR] market_data: 失败 DHR: Too Many Requests. Rate limited. Try after a while.
2026-06-27 13:21:35 [WARNING] market_data: 重试 1/3 for NKE. 等待 5s...
2026-06-27 13:21:42 [WARNING] market_data: 重试 2/3 for NKE. 等待 10s...
2026-06-27 13:21:53 [ERROR] market_data: 失败 NKE: Too Many Requests. Rate limited. Try after a while.
2026-06-27 13:21:54 [WARNING] market_data: 重试 1/3 for LLY. 等待 5s...
2026-06-27 13:22:00 [WARNING] market_data: 重试 2/3 for LLY. 等待 10s...
2026-06-27 13:22:12 [ERROR] market_data: 失败 LLY: Too Many Requests. Rate limited. Try after a while.
2026-06-27 13:22:13 [WARNING] market_data: 重试 1/3 for CVX. 等待 5s...
2026-06-27 13:22:19 [WARNING] market_data: 重试 2/3 for CVX. 等待 10s...
2026-06-27 13:22:31 [ERROR] market_data: 失败 CVX: Too Many Requests. Rate limited. Try after a while.
2026-06-27 13:22:33 [WARNING] market_data: 重试 1/3 for XOM. 等待 5s...
2026-06-27 13:22:48 [WARNING] market_data: 重试 2/3 for XOM. 等待 10s...
2026-06-27 13:23:00 [ERROR] market_data: 失败 XOM: Too Many Requests. Rate limited. Try after a while.
2026-06-27 13:23:01 [WARNING] market_data: 重试 1/3 for WFC. 等待 5s...
2026-06-27 13:23:08 [WARNING] market_data: 重试 2/3 for WFC. 等待 10s...
2026-06-27 13:23:19 [ERROR] market_data: 失败 WFC: Too Many Requests. Rate limited. Try after a while.
2026-06-27 13:23:21 [WARNING] market_data: 重试 1/3 for ORCL. 等待 5s...
2026-06-27 13:23:28 [WARNING] market_data: 重试 2/3 for ORCL. 等待 10s...
2026-06-27 13:23:39 [ERROR] market_data: 失败 ORCL: Too Many Requests. Rate limited. Try after a while.
2026-06-27 13:23:40 [WARNING] market_data: 重试 1/3 for IBM. 等待 5s...
2026-06-27 13:23:46 [WARNING] market_data: 重试 2/3 for IBM. 等待 10s...
2026-06-27 13:25:14 [WARNING] market_data: 重试 1/3 for GS. 等待 5s...
2026-06-27 13:25:21 [WARNING] market_data: 重试 2/3 for GS. 等待 10s...
2026-06-27 13:25:32 [ERROR] market_data: 失败 GS: Too Many Requests. Rate limited. Try after a while.
2026-06-27 13:25:33 [WARNING] market_data: 重试 1/3 for MS. 等待 5s...
2026-06-27 13:25:39 [WARNING] market_data: 重试 2/3 for MS. 等待 10s...
2026-06-27 13:25:55 [ERROR] market_data: 失败 MS: Too Many Requests. Rate limited. Try after a while.
2026-06-27 13:25:56 [WARNING] market_data: 重试 1/3 for SPY. 等待 5s...
2026-06-27 13:26:02 [WARNING] market_data: 重试 2/3 for SPY. 等待 10s...
2026-06-27 13:26:14 [ERROR] market_data: 失败 SPY: Too Many Requests. Rate limited. Try after a while.
2026-06-27 13:26:17 [WARNING] market_data: 重试 1/3 for QQQ. 等待 5s...
2026-06-27 13:26:23 [WARNING] market_data: 重试 2/3 for QQQ. 等待 10s...
2026-06-27 13:26:34 [ERROR] market_data: 失败 QQQ: Too Many Requests. Rate limited. Try after a while.
2026-06-27 13:26:35 [WARNING] market_data: 重试 1/3 for IWM. 等待 5s...
2026-06-27 13:26:42 [WARNING] market_data: 重试 2/3 for IWM. 等待 10s...
2026-06-27 13:26:53 [ERROR] market_data: 失败 IWM: Too Many Requests. Rate limited. Try after a while.
2026-06-27 13:26:55 [WARNING] market_data: 重试 1/3 for DIA. 等待 5s...
2026-06-27 13:27:01 [WARNING] market_data: 重试 2/3 for DIA. 等待 10s...
2026-06-27 13:27:12 [ERROR] market_data: 失败 DIA: Too Many Requests. Rate limited. Try after a while.
2026-06-27 13:27:14 [WARNING] market_data: 重试 1/3 for EEM. 等待 5s...
2026-06-27 13:27:21 [WARNING] market_data: 重试 2/3 for EEM. 等待 10s...
2026-06-27 13:27:31 [ERROR] market_data: 失败 EEM: Too Many Requests. Rate limited. Try after a while.
2026-06-27 13:27:33 [WARNING] market_data: 重试 1/3 for XLF. 等待 5s...
2026-06-27 13:27:39 [WARNING] market_data: 重试 2/3 for XLF. 等待 10s...
2026-06-27 13:27:50 [ERROR] market_data: 失败 XLF: Too Many Requests. Rate limited. Try after a while.
2026-06-27 13:27:51 [WARNING] market_data: 重试 1/3 for XLE. 等待 5s...
2026-06-27 13:27:56 [WARNING] market_data: 重试 2/3 for XLE. 等待 10s...
2026-06-27 13:28:08 [ERROR] market_data: 失败 XLE: Too Many Requests. Rate limited. Try after a while.
2026-06-27 13:28:09 [WARNING] market_data: 重试 1/3 for XLK. 等待 5s...
2026-06-27 13:28:15 [WARNING] market_data: 重试 2/3 for XLK. 等待 10s...
2026-06-27 13:28:25 [ERROR] market_data: 失败 XLK: Too Many Requests. Rate limited. Try after a while.
2026-06-27 13:28:26 [WARNING] market_data: 重试 1/3 for TLT. 等待 5s...
2026-06-27 13:28:32 [WARNING] market_data: 重试 2/3 for TLT. 等待 10s...
2026-06-27 13:28:43 [ERROR] market_data: 失败 TLT: Too Many Requests. Rate limited. Try after a while.
2026-06-27 13:28:44 [WARNING] market_data: 重试 1/3 for GLD. 等待 5s...
2026-06-27 13:28:50 [WARNING] market_data: 重试 2/3 for GLD. 等待 10s...
2026-06-27 13:29:01 [ERROR] market_data: 失败 GLD: Too Many Requests. Rate limited. Try after a while.
2026-06-27 13:29:03 [WARNING] market_data: 重试 1/3 for SLV. 等待 5s...
2026-06-27 13:29:10 [WARNING] market_data: 重试 2/3 for SLV. 等待 10s...
2026-06-27 13:29:22 [ERROR] market_data: 失败 SLV: Too Many Requests. Rate limited. Try after a while.
2026-06-27 13:29:23 [WARNING] market_data: 重试 1/3 for USO. 等待 5s...
2026-06-27 13:29:29 [WARNING] market_data: 重试 2/3 for USO. 等待 10s...
2026-06-27 13:29:40 [ERROR] market_data: 失败 USO: Too Many Requests. Rate limited. Try after a while.
2026-06-27 13:29:41 [WARNING] market_data: 重试 1/3 for VXX. 等待 5s...
2026-06-27 13:29:47 [WARNING] market_data: 重试 2/3 for VXX. 等待 10s...
2026-06-27 13:29:58 [ERROR] market_data: 失败 VXX: Too Many Requests. Rate limited. Try after a while.
2026-06-27 13:29:59 [WARNING] market_data: 重试 1/3 for ARKK. 等待 5s...
2026-06-27 13:30:05 [WARNING] market_data: 重试 2/3 for ARKK. 等待 10s...
2026-06-27 13:30:16 [ERROR] market_data: 失败 ARKK: Too Many Requests. Rate limited. Try after a while.
2026-06-27 13:30:17 [WARNING] market_data: 重试 1/3 for SMH. 等待 5s...
2026-06-27 13:30:23 [WARNING] market_data: 重试 2/3 for SMH. 等待 10s...
2026-06-27 13:30:34 [ERROR] market_data: 失败 SMH: Too Many Requests. Rate limited. Try after a while.
2026-06-27 13:30:36 [WARNING] market_data: 重试 1/3 for SOXX. 等待 5s...
2026-06-27 13:30:42 [WARNING] market_data: 重试 2/3 for SOXX. 等待 10s...
2026-06-27 13:30:53 [ERROR] market_data: 失败 SOXX: Too Many Requests. Rate limited. Try after a while.
2026-06-27 13:30:53 [INFO] market_data: 完成: US — 成功 8/70，失败 62
2026-06-27 13:30:53 [INFO] market_data: === 初始化市场: HK ===
2026-06-27 13:30:53 [INFO] market_data: 获取 HK 股票列表...
2026-06-27 13:30:53 [INFO] market_data: === 初始化市场: A ===
2026-06-27 13:30:53 [INFO] market_data: 获取 A 股票列表...
2026-06-27 13:30:53 [INFO] market_data: 获取到 5530 只
2026-06-27 13:32:00 [INFO] market_data: === 初始化市场: A ===
2026-06-27 13:32:00 [INFO] market_data: 获取 A 股票列表...
2026-06-27 14:00:52 [INFO] market_data: === 初始化市场: A ===
2026-06-27 14:00:52 [INFO] market_data: 获取 A 股票列表...
2026-06-27 14:00:52 [WARNING] market_data: Tushare stock_basic 失败, 用 AKShare 替代: 抱歉，您访问接口(stock_basic)频率超限(1次/小时)，具体频次详情：https://tushare.pro/document/1?doc_id=108。
2026-06-27 14:01:02 [INFO] market_data: 获取到 5528 只
2026-06-27 14:01:34 [WARNING] market_data: 重试 1/3 for 000090.SZ. 等待 5s...
2026-06-27 14:01:39 [WARNING] market_data: 重试 2/3 for 000090.SZ. 等待 10s...
2026-06-27 14:01:49 [ERROR] market_data: 失败 000090.SZ: 抱歉，您访问接口(daily)频率超限(50次/分钟)，具体频次详情：https://tushare.pro/document/1?doc_id=108。
2026-06-27 14:01:49 [WARNING] market_data: 重试 1/3 for 000096.SZ. 等待 5s...
2026-06-27 14:01:55 [WARNING] market_data: 重试 2/3 for 000096.SZ. 等待 10s...
2026-06-27 14:02:37 [WARNING] market_data: 重试 1/3 for 000518.SZ. 等待 5s...
2026-06-27 14:02:42 [WARNING] market_data: 重试 2/3 for 000518.SZ. 等待 10s...
2026-06-27 14:02:52 [ERROR] market_data: 失败 000518.SZ: 抱歉，您访问接口(daily)频率超限(50次/分钟)，具体频次详情：https://tushare.pro/document/1?doc_id=108。
2026-06-27 14:02:52 [WARNING] market_data: 重试 1/3 for 000519.SZ. 等待 5s...
2026-06-27 14:02:57 [WARNING] market_data: 重试 2/3 for 000519.SZ. 等待 10s...
2026-06-27 15:13:58 [INFO] market_data: === 增量更新市场: A ===
2026-06-27 15:15:00 [INFO] market_data: === 增量更新市场: A ===
2026-06-27 15:15:23 [WARNING] market_data: 重试 1/3 for 000089.SZ. 等待 5s...
2026-06-27 15:15:28 [WARNING] market_data: 重试 2/3 for 000089.SZ. 等待 10s...
2026-06-27 15:15:38 [ERROR] market_data: 更新失败 000089.SZ: 抱歉，您访问接口(daily)频率超限(50次/分钟)，具体频次详情：https://tushare.pro/document/1?doc_id=108。
2026-06-27 15:15:38 [WARNING] market_data: 重试 1/3 for 000096.SZ. 等待 5s...
2026-06-27 15:15:43 [WARNING] market_data: 重试 2/3 for 000096.SZ. 等待 10s...
2026-06-27 15:19:35 [INFO] market_data: === 增量更新市场: A ===
2026-06-27 15:19:56 [WARNING] market_data: 重试 1/3 for 000090.SZ. 等待 5s...
2026-06-27 15:20:01 [WARNING] market_data: 重试 2/3 for 000090.SZ. 等待 10s...
2026-06-27 15:20:12 [ERROR] market_data: 更新失败 000090.SZ: 抱歉，您访问接口(daily)频率超限(50次/分钟)，具体频次详情：https://tushare.pro/document/1?doc_id=108。
2026-06-27 15:20:12 [WARNING] market_data: 重试 1/3 for 000096.SZ. 等待 5s...
2026-06-27 15:20:17 [WARNING] market_data: 重试 2/3 for 000096.SZ. 等待 10s...
2026-06-27 15:20:27 [ERROR] market_data: 更新失败 000096.SZ: 抱歉，您访问接口(daily)频率超限(50次/分钟)，具体频次详情：https://tushare.pro/document/1?doc_id=108。
2026-06-27 15:20:27 [WARNING] market_data: 重试 1/3 for 000099.SZ. 等待 5s...
2026-06-27 15:20:32 [WARNING] market_data: 重试 2/3 for 000099.SZ. 等待 10s...
2026-06-27 15:21:06 [WARNING] market_data: 重试 1/3 for 000519.SZ. 等待 5s...
2026-06-27 15:21:11 [WARNING] market_data: 重试 2/3 for 000519.SZ. 等待 10s...
2026-06-27 15:21:21 [ERROR] market_data: 更新失败 000519.SZ: 抱歉，您访问接口(daily)频率超限(50次/分钟)，具体频次详情：https://tushare.pro/document/1?doc_id=108。
2026-06-27 15:21:21 [WARNING] market_data: 重试 1/3 for 000520.SZ. 等待 5s...
2026-06-27 15:21:26 [WARNING] market_data: 重试 2/3 for 000520.SZ. 等待 10s...
2026-06-27 15:21:36 [ERROR] market_data: 更新失败 000520.SZ: 抱歉，您访问接口(daily)频率超限(50次/分钟)，具体频次详情：https://tushare.pro/document/1?doc_id=108。
2026-06-27 15:21:36 [WARNING] market_data: 重试 1/3 for 000521.SZ. 等待 5s...
2026-06-27 15:21:42 [WARNING] market_data: 重试 2/3 for 000521.SZ. 等待 10s...
2026-06-27 15:21:56 [INFO] market_data: === 增量更新市场: A ===
2026-06-27 16:30:26 [INFO] market_data: === 增量更新市场: A ===
2026-06-28 23:20:02 [INFO] market_data: === 增量更新市场: ETF ===
2026-06-28 23:23:21 [WARNING] market_data: 重试 1/3 for 562550. 等待 5s... (错误)
2026-06-28 23:36:59 [INFO] market_data: === 增量更新市场: A ===
2026-06-29 00:32:46 [WARNING] market_data: 重试 1/3 for 605598.SH. 等待 5s... (错误)
2026-06-29 01:48:19 [WARNING] market_data: 重试 1/3 for 600699.SH. 等待 5s... (错误)
2026-06-29 01:50:01 [WARNING] market_data: 重试 1/3 for 600031.SH. 等待 5s... (错误)
2026-06-29 01:52:06 [WARNING] market_data: 重试 1/3 for 002639.SZ. 等待 5s... (错误)
2026-06-29 01:54:13 [WARNING] market_data: 重试 1/3 for 688500.SH. 等待 5s... (错误)
2026-06-29 01:55:35 [WARNING] market_data: 重试 1/3 for 688557.SH. 等待 5s... (错误)
2026-06-29 01:56:12 [WARNING] market_data: 重试 1/3 for 300211.SZ. 等待 5s... (错误)
2026-06-29 01:56:17 [WARNING] market_data: 重试 2/3 for 300211.SZ. 等待 10s... (错误)
2026-06-29 02:00:12 [WARNING] market_data: 重试 1/3 for 000928.SZ. 等待 5s... (错误)
2026-06-29 02:02:07 [WARNING] market_data: 重试 1/3 for 301236.SZ. 等待 5s... (错误)
2026-06-29 02:03:13 [WARNING] market_data: 重试 1/3 for 688177.SH. 等待 5s... (错误)
2026-06-29 02:54:34 [WARNING] market_data: 重试 1/3 for 301318.SZ. 等待 5s... (错误)
2026-06-29 04:29:28 [WARNING] market_data: 重试 1/3 for 603817.SH. 等待 5s... (错误)
2026-06-29 04:33:28 [WARNING] market_data: 重试 1/3 for 300420.SZ. 等待 5s... (错误)
2026-06-29 04:34:33 [WARNING] market_data: 重试 1/3 for 002263.SZ. 等待 5s... (错误)
2026-06-29 04:35:59 [WARNING] market_data: 重试 1/3 for 603102.SH. 等待 5s... (错误)
2026-06-29 04:36:04 [WARNING] market_data: 重试 2/3 for 603102.SH. 等待 10s... (错误)
